<?xml version="1.0" encoding="UTF-8"?>
<!-- Generated by org.testng.reporters.JUnitReportReporter -->
<testsuite hostname="LAPTOP-M442JUFC" failures="0" tests="1" name="com.pmamhcm.PositiveTests" time="49.189" errors="0" timestamp="12 Jul 2020 21:34:14 GMT" skipped="0">
  <testcase classname="com.pmamhcm.PositiveTests" name="inactivateActivatePolicyTest" time="49.189"/>
</testsuite> <!-- com.pmamhcm.PositiveTests -->
